<?xml version="1.0" encoding="UTF-8"?>
<!-- Generated by org.testng.reporters.JUnitReportReporter -->
<testsuite hostname="LAPTOP-TTSTS7QO" failures="0" tests="5" name="TestCases.LoginTest" time="13.968" errors="0" timestamp="2024-10-14T22:44:57 IST" skipped="0">
  <testcase classname="TestCases.LoginTest" name="login" time="2.641"/>
  <testcase classname="TestCases.LoginTest" name="login" time="2.604"/>
  <testcase classname="TestCases.LoginTest" name="login" time="3.176"/>
  <testcase classname="TestCases.LoginTest" name="login" time="3.217"/>
  <testcase classname="TestCases.LoginTest" name="login" time="2.330"/>
</testsuite> <!-- TestCases.LoginTest -->
