<?xml version="1.0" encoding="UTF-8"?>
<!-- Generated by org.testng.reporters.JUnitReportReporter -->
<testsuite hostname="LAPTOP-TTSTS7QO" failures="0" tests="5" name="TestCases.LoginTest" time="15.448" errors="0" timestamp="2024-10-15T21:29:48 IST" skipped="0">
  <testcase classname="TestCases.LoginTest" name="login" time="3.127"/>
  <system-out/>
  <testcase classname="TestCases.LoginTest" name="login" time="4.171"/>
  <system-out/>
  <testcase classname="TestCases.LoginTest" name="login" time="3.284"/>
  <system-out/>
  <testcase classname="TestCases.LoginTest" name="login" time="2.249"/>
  <system-out/>
  <testcase classname="TestCases.LoginTest" name="login" time="2.617"/>
  <system-out/>
</testsuite> <!-- TestCases.LoginTest -->
